c:\users\user\documenti\aquila_prova\aquila-build\cmakefiles\generate.stamp
c:\users\user\documenti\aquila_prova\aquila-build\lib\cmakefiles\generate.stamp
c:\users\user\documenti\aquila_prova\aquila-build\lib\unittestpp\cmakefiles\generate.stamp
c:\users\user\documenti\aquila_prova\aquila-build\examples\cmakefiles\generate.stamp
c:\users\user\documenti\aquila_prova\aquila-build\examples\utility_functions\cmakefiles\generate.stamp
c:\users\user\documenti\aquila_prova\aquila-build\examples\frame_iteration\cmakefiles\generate.stamp
c:\users\user\documenti\aquila_prova\aquila-build\examples\wave_info\cmakefiles\generate.stamp
c:\users\user\documenti\aquila_prova\aquila-build\examples\wave_iteration\cmakefiles\generate.stamp
c:\users\user\documenti\aquila_prova\aquila-build\examples\window_plot\cmakefiles\generate.stamp
c:\users\user\documenti\aquila_prova\aquila-build\examples\window_usage\cmakefiles\generate.stamp
c:\users\user\documenti\aquila_prova\aquila-build\examples\text_plot\cmakefiles\generate.stamp
c:\users\user\documenti\aquila_prova\aquila-build\examples\sine_generator\cmakefiles\generate.stamp
c:\users\user\documenti\aquila_prova\aquila-build\examples\square_generator\cmakefiles\generate.stamp
c:\users\user\documenti\aquila_prova\aquila-build\examples\triangle_generator\cmakefiles\generate.stamp
c:\users\user\documenti\aquila_prova\aquila-build\examples\generators\cmakefiles\generate.stamp
c:\users\user\documenti\aquila_prova\aquila-build\examples\am_modulation\cmakefiles\generate.stamp
c:\users\user\documenti\aquila_prova\aquila-build\examples\fft_comparison\cmakefiles\generate.stamp
c:\users\user\documenti\aquila_prova\aquila-build\examples\fft_simple_spectrum\cmakefiles\generate.stamp
c:\users\user\documenti\aquila_prova\aquila-build\examples\fft_filter\cmakefiles\generate.stamp
c:\users\user\documenti\aquila_prova\aquila-build\examples\spectrogram\cmakefiles\generate.stamp
c:\users\user\documenti\aquila_prova\aquila-build\examples\mfcc_calculation\cmakefiles\generate.stamp
c:\users\user\documenti\aquila_prova\aquila-build\examples\dtw_path_recovery\cmakefiles\generate.stamp
c:\users\user\documenti\aquila_prova\aquila-build\tests\cmakefiles\generate.stamp
c:\users\user\documents\aquila_prova\aquila-build\win32\debug\zero_check\zero_check.tlog\custombuild.command.1.tlog
c:\users\user\documents\aquila_prova\aquila-build\win32\debug\zero_check\zero_check.tlog\custombuild.read.1.tlog
c:\users\user\documents\aquila_prova\aquila-build\win32\debug\zero_check\zero_check.tlog\custombuild.write.1.tlog
