c:\users\user\documents\aquila_prova\aquila-build\aquila.dir\debug\aquila.pdb
c:\users\user\documents\aquila_prova\aquila-build\aquila.dir\debug\hammingwindow.obj
c:\users\user\documents\aquila_prova\aquila-build\aquila.dir\debug\gaussianwindow.obj
c:\users\user\documents\aquila_prova\aquila-build\aquila.dir\debug\flattopwindow.obj
c:\users\user\documents\aquila_prova\aquila-build\aquila.dir\debug\blackmanwindow.obj
c:\users\user\documents\aquila_prova\aquila-build\aquila.dir\debug\barlettwindow.obj
c:\users\user\documents\aquila_prova\aquila-build\aquila.dir\debug\whitenoisegenerator.obj
c:\users\user\documents\aquila_prova\aquila-build\aquila.dir\debug\pinknoisegenerator.obj
c:\users\user\documents\aquila_prova\aquila-build\aquila.dir\debug\trianglegenerator.obj
c:\users\user\documents\aquila_prova\aquila-build\aquila.dir\debug\squaregenerator.obj
c:\users\user\documents\aquila_prova\aquila-build\aquila.dir\debug\sinegenerator.obj
c:\users\user\documents\aquila_prova\aquila-build\aquila.dir\debug\generator.obj
c:\users\user\documents\aquila_prova\aquila-build\aquila.dir\debug\wavefilehandler.obj
c:\users\user\documents\aquila_prova\aquila-build\aquila.dir\debug\wavefile.obj
c:\users\user\documents\aquila_prova\aquila-build\aquila.dir\debug\plaintextfile.obj
c:\users\user\documents\aquila_prova\aquila-build\aquila.dir\debug\framescollection.obj
c:\users\user\documents\aquila_prova\aquila-build\aquila.dir\debug\frame.obj
c:\users\user\documents\aquila_prova\aquila-build\aquila.dir\debug\signalsource.obj
c:\users\user\documents\aquila_prova\aquila-build\aquila.dir\debug\dtw.obj
c:\users\user\documents\aquila_prova\aquila-build\aquila.dir\debug\melfilterbank.obj
c:\users\user\documents\aquila_prova\aquila-build\aquila.dir\debug\melfilter.obj
c:\users\user\documents\aquila_prova\aquila-build\aquila.dir\debug\textplot.obj
c:\users\user\documents\aquila_prova\aquila-build\aquila.dir\debug\spectrogram.obj
c:\users\user\documents\aquila_prova\aquila-build\aquila.dir\debug\mfcc.obj
c:\users\user\documents\aquila_prova\aquila-build\aquila.dir\debug\dct.obj
c:\users\user\documents\aquila_prova\aquila-build\aquila.dir\debug\fftfactory.obj
c:\users\user\documents\aquila_prova\aquila-build\aquila.dir\debug\oourafft.obj
c:\users\user\documents\aquila_prova\aquila-build\aquila.dir\debug\aquilafft.obj
c:\users\user\documents\aquila_prova\aquila-build\aquila.dir\debug\dft.obj
c:\users\user\documents\aquila_prova\aquila-build\aquila.dir\debug\hannwindow.obj
c:\users\user\documenti\aquila_prova\aquila-build\cmakefiles\generate.stamp
c:\users\user\documenti\aquila_prova\aquila-build\debug\aquila.lib
c:\users\user\documenti\aquila_prova\aquila-build\debug\aquila.pdb
c:\users\user\documents\aquila_prova\aquila-build\aquila.dir\debug\aquila.tlog\cl.command.1.tlog
c:\users\user\documents\aquila_prova\aquila-build\aquila.dir\debug\aquila.tlog\cl.read.1.tlog
c:\users\user\documents\aquila_prova\aquila-build\aquila.dir\debug\aquila.tlog\cl.write.1.tlog
c:\users\user\documents\aquila_prova\aquila-build\aquila.dir\debug\aquila.tlog\custombuild.command.1.tlog
c:\users\user\documents\aquila_prova\aquila-build\aquila.dir\debug\aquila.tlog\custombuild.read.1.tlog
c:\users\user\documents\aquila_prova\aquila-build\aquila.dir\debug\aquila.tlog\custombuild.write.1.tlog
c:\users\user\documents\aquila_prova\aquila-build\aquila.dir\debug\aquila.tlog\lib-link.read.1.tlog
c:\users\user\documents\aquila_prova\aquila-build\aquila.dir\debug\aquila.tlog\lib-link.write.1.tlog
c:\users\user\documents\aquila_prova\aquila-build\aquila.dir\debug\aquila.tlog\lib.command.1.tlog
