  stdafx.cpp
  analisi_file_audio_noIO.cpp
c:\users\user\documents\aquila_prova\aquila-src\aquila\source\signalsource.h(205): warning C4267: 'argomento': conversione da 'size_t' a 'unsigned int'. Possibile perdita di dati.
c:\users\user\documents\sentiment_per_tirocinio\sentiment\aquila\analisi_file_audio_noio\analisi_file_audio_noio.cpp(49): warning C4267: 'inizializzazione': conversione da 'size_t' a 'int'. Possibile perdita di dati.
c:\users\user\documents\sentiment_per_tirocinio\sentiment\aquila\analisi_file_audio_noio\analisi_file_audio_noio.cpp(54): warning C4267: 'inizializzazione': conversione da 'size_t' a 'int'. Possibile perdita di dati.
c:\users\user\documents\sentiment_per_tirocinio\sentiment\aquila\analisi_file_audio_noio\analisi_file_audio_noio.cpp(69): warning C4244: '+=': conversione da 'Aquila::SampleType' a 'int'. Possibile perdita di dati.
c:\users\user\documents\sentiment_per_tirocinio\sentiment\aquila\analisi_file_audio_noio\analisi_file_audio_noio.cpp(73): warning C4244: '+=': conversione da 'Aquila::SampleType' a 'int'. Possibile perdita di dati.
c:\users\user\documents\sentiment_per_tirocinio\sentiment\aquila\analisi_file_audio_noio\analisi_file_audio_noio.cpp(117): warning C4244: 'inizializzazione': conversione da '::size_t' a 'double'. Possibile perdita di dati.
c:\users\user\documents\sentiment_per_tirocinio\sentiment\aquila\analisi_file_audio_noio\analisi_file_audio_noio.cpp(121): warning C4244: 'inizializzazione': conversione da 'double' a '::size_t'. Possibile perdita di dati.
c:\users\user\documents\sentiment_per_tirocinio\sentiment\aquila\analisi_file_audio_noio\analisi_file_audio_noio.cpp(125): warning C4244: 'inizializzazione': conversione da 'double' a '::size_t'. Possibile perdita di dati.
c:\users\user\documents\sentiment_per_tirocinio\sentiment\aquila\analisi_file_audio_noio\analisi_file_audio_noio.cpp(129): warning C4244: 'inizializzazione': conversione da 'double' a '::size_t'. Possibile perdita di dati.
c:\users\user\documents\sentiment_per_tirocinio\sentiment\aquila\analisi_file_audio_noio\analisi_file_audio_noio.cpp(145): warning C4267: 'argomento': conversione da 'size_t' a 'int'. Possibile perdita di dati.
c:\users\user\documents\sentiment_per_tirocinio\sentiment\aquila\analisi_file_audio_noio\analisi_file_audio_noio.cpp(146): warning C4267: 'argomento': conversione da 'size_t' a 'int'. Possibile perdita di dati.
c:\users\user\documents\sentiment_per_tirocinio\sentiment\aquila\analisi_file_audio_noio\analisi_file_audio_noio.cpp(169): warning C4244: 'inizializzazione': conversione da '::size_t' a 'double'. Possibile perdita di dati.
c:\users\user\documents\sentiment_per_tirocinio\sentiment\aquila\analisi_file_audio_noio\analisi_file_audio_noio.cpp(175): warning C4267: 'argomento': conversione da 'size_t' a 'int'. Possibile perdita di dati.
c:\users\user\documents\sentiment_per_tirocinio\sentiment\aquila\analisi_file_audio_noio\analisi_file_audio_noio.cpp(360): warning C4244: 'inizializzazione': conversione da '::size_t' a 'double'. Possibile perdita di dati.
analisi_file_audio_noIO.obj : error LNK2019: riferimento al simbolo esterno "public: __cdecl Aquila::WaveFile::WaveFile(class std::basic_string<char,struct std::char_traits<char>,class std::allocator<char> > const &,enum Aquila::StereoChannel)" (??0WaveFile@Aquila@@QEAA@AEBV?$basic_string@DU?$char_traits@D@std@@V?$allocator@D@2@@std@@W4StereoChannel@1@@Z) non risolto nella funzione "void __cdecl analisi(int,class std::basic_string<char,struct std::char_traits<char>,class std::allocator<char> >,int)" (?analisi@@YAXHV?$basic_string@DU?$char_traits@D@std@@V?$allocator@D@2@@std@@H@Z)
analisi_file_audio_noIO.obj : error LNK2019: riferimento al simbolo esterno "public: virtual __cdecl Aquila::WaveFile::~WaveFile(void)" (??1WaveFile@Aquila@@UEAA@XZ) non risolto nella funzione "void __cdecl analisi(int,class std::basic_string<char,struct std::char_traits<char>,class std::allocator<char> >,int)" (?analisi@@YAXHV?$basic_string@DU?$char_traits@D@std@@V?$allocator@D@2@@std@@H@Z)
analisi_file_audio_noIO.obj : error LNK2019: riferimento al simbolo esterno "public: unsigned int __cdecl Aquila::WaveFile::getAudioLength(void)const " (?getAudioLength@WaveFile@Aquila@@QEBAIXZ) non risolto nella funzione "void __cdecl analisi(int,class std::basic_string<char,struct std::char_traits<char>,class std::allocator<char> >,int)" (?analisi@@YAXHV?$basic_string@DU?$char_traits@D@std@@V?$allocator@D@2@@std@@H@Z)
analisi_file_audio_noIO.obj : error LNK2019: riferimento al simbolo esterno "public: static class std::shared_ptr<class Aquila::Fft> __cdecl Aquila::FftFactory::getFft(unsigned __int64)" (?getFft@FftFactory@Aquila@@SA?AV?$shared_ptr@VFft@Aquila@@@std@@_K@Z) non risolto nella funzione "public: __cdecl Aquila::Mfcc::Mfcc(unsigned __int64)" (??0Mfcc@Aquila@@QEAA@_K@Z)
analisi_file_audio_noIO.obj : error LNK2019: riferimento al simbolo esterno "public: __cdecl Aquila::HammingWindow::HammingWindow(unsigned __int64)" (??0HammingWindow@Aquila@@QEAA@_K@Z) non risolto nella funzione "void __cdecl analisi(int,class std::basic_string<char,struct std::char_traits<char>,class std::allocator<char> >,int)" (?analisi@@YAXHV?$basic_string@DU?$char_traits@D@std@@V?$allocator@D@2@@std@@H@Z)
analisi_file_audio_noIO.obj : error LNK2019: riferimento al simbolo esterno "public: class std::vector<double,class std::allocator<double> > __cdecl Aquila::Mfcc::calculate(class Aquila::SignalSource const &,unsigned __int64)" (?calculate@Mfcc@Aquila@@QEAA?AV?$vector@NV?$allocator@N@std@@@std@@AEBVSignalSource@2@_K@Z) non risolto nella funzione "void __cdecl analisi(int,class std::basic_string<char,struct std::char_traits<char>,class std::allocator<char> >,int)" (?analisi@@YAXHV?$basic_string@DU?$char_traits@D@std@@V?$allocator@D@2@@std@@H@Z)
C:\Users\User\Documenti\aquila_prova\aquila-build\lib\Debug\Ooura_fft.lib : warning LNK4272: il tipo 'X86' del computer della libreria è in conflitto con il tipo 'x64' del computer di destinazione
C:\Users\User\Documenti\aquila_prova\aquila-build\Debug\Aquila.lib : warning LNK4272: il tipo 'X86' del computer della libreria è in conflitto con il tipo 'x64' del computer di destinazione
C:\Users\User\Documents\sentiment_per_tirocinio\sentiment\Aquila\x64\Debug\analisi_file_audio_noIO.exe : fatal error LNK1120: 6 esterni non risolti
